<?xml version="1.0" encoding="UTF-8"?>
<testng-results skipped="0" failed="0" ignored="0" total="1" passed="1">
  <reporter-output>
  </reporter-output>
  <suite name="Default suite" duration-ms="2667" started-at="2022-06-27T02:04:18 EDT" finished-at="2022-06-27T02:04:21 EDT">
    <groups>
    </groups>
    <test name="Default test" duration-ms="2667" started-at="2022-06-27T02:04:18 EDT" finished-at="2022-06-27T02:04:21 EDT">
      <class name="com.RestAssured.Test_Put">
        <test-method status="PASS" signature="test_01_put()[pri:0, instance:com.RestAssured.Test_Put@4b4523f8]" name="test_01_put" duration-ms="2603" started-at="2022-06-27T02:04:18 EDT" finished-at="2022-06-27T02:04:21 EDT">
          <reporter-output>
          </reporter-output>
        </test-method> <!-- test_01_put -->
      </class> <!-- com.RestAssured.Test_Put -->
    </test> <!-- Default test -->
  </suite> <!-- Default suite -->
</testng-results>
