<?xml version="1.0" encoding="UTF-8"?>
<!-- Generated by org.testng.reporters.JUnitXMLReporter -->
<testsuite hostname="MohammaAminsAir.cable.rcn.com" ignored="0" name="test" tests="1" failures="1" timestamp="2022-08-13T15:59:35 EDT" time="0.054" errors="0">
  <testcase name="test_Delete_Own_Server" time="0.0" classname="com.DataDrivenTest_ParametarizeTest.Test04_DeleteByParameter">
    <failure type="org.testng.TestNGException" message="
Parameter &amp;apos;userId&amp;apos; is required by @Test on method test_Delete_Own_Server but has not been marked @Optional or defined
in /Users/moamin/eclipse-workspace_new2020-06/RestAssured_TestWithServer/DDT.xml">
      <![CDATA[org.testng.TestNGException: 
Parameter 'userId' is required by @Test on method test_Delete_Own_Server but has not been marked @Optional or defined
in /Users/moamin/eclipse-workspace_new2020-06/RestAssured_TestWithServer/DDT.xml
at java.util.ArrayList.forEach(ArrayList.java:1259)
... Removed 26 stack frames]]>
    </failure>
  </testcase> <!-- test_Delete_Own_Server -->
</testsuite> <!-- test -->
