<?xml version="1.0" encoding="UTF-8"?>
<testng-results skipped="0" failed="1" ignored="0" total="1" passed="0">
  <reporter-output>
  </reporter-output>
  <suite name="suite" duration-ms="54" started-at="2022-08-13T15:59:35 EDT" finished-at="2022-08-13T15:59:35 EDT">
    <groups>
    </groups>
    <test name="test" duration-ms="54" started-at="2022-08-13T15:59:35 EDT" finished-at="2022-08-13T15:59:35 EDT">
      <class name="com.DataDrivenTest_ParametarizeTest.Test04_DeleteByParameter">
        <test-method status="FAIL" signature="test_Delete_Own_Server(int)[pri:0, instance:com.DataDrivenTest_ParametarizeTest.Test04_DeleteByParameter@7d907bac]" name="test_Delete_Own_Server" duration-ms="0" started-at="2022-08-13T15:59:35 EDT" finished-at="2022-08-13T15:59:35 EDT">
          <exception class="org.testng.TestNGException">
            <message>
              <![CDATA[
Parameter 'userId' is required by @Test on method test_Delete_Own_Server but has not been marked @Optional or defined
in /Users/moamin/eclipse-workspace_new2020-06/RestAssured_TestWithServer/DDT.xml]]>
            </message>
            <full-stacktrace>
              <![CDATA[org.testng.TestNGException: 
Parameter 'userId' is required by @Test on method test_Delete_Own_Server but has not been marked @Optional or defined
in /Users/moamin/eclipse-workspace_new2020-06/RestAssured_TestWithServer/DDT.xml
at org.testng.internal.Parameters.createParams(Parameters.java:289)
at org.testng.internal.Parameters.createParametersForMethod(Parameters.java:377)
at org.testng.internal.Parameters.createParameters(Parameters.java:721)
at org.testng.internal.Parameters.handleParameters(Parameters.java:895)
at org.testng.internal.Parameters.handleParameters(Parameters.java:762)
at org.testng.internal.ParameterHandler.handleParameters(ParameterHandler.java:60)
at org.testng.internal.ParameterHandler.createParameters(ParameterHandler.java:39)
at org.testng.internal.TestInvoker$MethodInvocationAgent.invoke(TestInvoker.java:771)
at org.testng.internal.TestInvoker.invokeTestMethods(TestInvoker.java:145)
at org.testng.internal.TestMethodWorker.invokeTestMethods(TestMethodWorker.java:146)
at org.testng.internal.TestMethodWorker.run(TestMethodWorker.java:128)
at java.util.ArrayList.forEach(ArrayList.java:1259)
at org.testng.TestRunner.privateRun(TestRunner.java:770)
at org.testng.TestRunner.run(TestRunner.java:591)
at org.testng.SuiteRunner.runTest(SuiteRunner.java:402)
at org.testng.SuiteRunner.runSequentially(SuiteRunner.java:396)
at org.testng.SuiteRunner.privateRun(SuiteRunner.java:355)
at org.testng.SuiteRunner.run(SuiteRunner.java:304)
at org.testng.SuiteRunnerWorker.runSuite(SuiteRunnerWorker.java:53)
at org.testng.SuiteRunnerWorker.run(SuiteRunnerWorker.java:96)
at org.testng.TestNG.runSuitesSequentially(TestNG.java:1180)
at org.testng.TestNG.runSuitesLocally(TestNG.java:1102)
at org.testng.TestNG.runSuites(TestNG.java:1032)
at org.testng.TestNG.run(TestNG.java:1000)
at org.testng.remote.AbstractRemoteTestNG.run(AbstractRemoteTestNG.java:115)
at org.testng.remote.RemoteTestNG.initAndRun(RemoteTestNG.java:251)
at org.testng.remote.RemoteTestNG.main(RemoteTestNG.java:77)
]]>
            </full-stacktrace>
          </exception> <!-- org.testng.TestNGException -->
          <reporter-output>
          </reporter-output>
        </test-method> <!-- test_Delete_Own_Server -->
      </class> <!-- com.DataDrivenTest_ParametarizeTest.Test04_DeleteByParameter -->
    </test> <!-- test -->
  </suite> <!-- suite -->
</testng-results>
